<?xml version="1.0" encoding="UTF-8"?>
<!-- Generated by org.testng.reporters.JUnitXMLReporter -->
<testsuite hostname="steveb" ignored="0" name="Command line test" tests="1" failures="1" timestamp="04 Feb 2019 18:31:39 GMT" time="1.745" errors="0">
  <testcase name="createTweet" time="1.729" classname="tech.verenti.test.TwitterBotTest">
    <failure type="java.lang.NullPointerException">
      <![CDATA[java.lang.NullPointerException
at tech.verenti.test.TwitterBotTest.createTweet(TwitterBotTest.java:43)
... Removed 34 stack frames]]>
    </failure>
  </testcase> <!-- createTweet -->
</testsuite> <!-- Command line test -->
